<?xml version="1.0" encoding="UTF-8"?>
<!-- Generated by org.testng.reporters.JUnitXMLReporter -->
<testsuite hostname="SIVAC" name="Default test" tests="5" failures="0" timestamp="22 Nov 2012 06:23:56 GMT" time="0.997" errors="0">
  <testcase name="atestFindByPrimaryKey" time="0.844" classname="com.rl.mongodb.MongoDAOTestNG"/>
  <testcase name="atestGetAllDocuments" time="0.038" classname="com.rl.mongodb.MongoDAOTestNG"/>
  <testcase name="atestInsertDocument" time="0.077" classname="com.rl.mongodb.MongoDAOTestNG"/>
  <testcase name="atestModifyDocument" time="0.007" classname="com.rl.mongodb.MongoDAOTestNG"/>
  <testcase name="atestSaveOrUpdateDocument" time="0.012" classname="com.rl.mongodb.MongoDAOTestNG"/>
</testsuite> <!-- Default test -->
