<?xml version="1.0" encoding="UTF-8"?>
<!-- Generated by org.testng.reporters.JUnitXMLReporter -->
<testsuite hostname="SIVAC" name="Test" tests="5" failures="0" timestamp="22 Nov 2012 06:46:18 GMT" time="0.944" errors="0">
  <testcase name="atestFindByPrimaryKey" time="0.799" classname="com.rl.mongodb.MongoDAOTestNG"/>
  <testcase name="atestGetAllDocuments" time="0.039" classname="com.rl.mongodb.MongoDAOTestNG"/>
  <testcase name="atestInsertDocument" time="0.072" classname="com.rl.mongodb.MongoDAOTestNG"/>
  <testcase name="atestModifyDocument" time="0.007" classname="com.rl.mongodb.MongoDAOTestNG"/>
  <testcase name="atestSaveOrUpdateDocument" time="0.01" classname="com.rl.mongodb.MongoDAOTestNG"/>
</testsuite> <!-- Test -->
